<?xml version="1.0" encoding="UTF-8"?>
<testng-results ignored="0" total="1" passed="1" failed="0" skipped="0">
  <reporter-output>
  </reporter-output>
  <suite started-at="2024-11-19T15:11:22 IST" name="XRD_DDA" finished-at="2024-11-19T15:11:32 IST" duration-ms="9287">
    <groups>
    </groups>
    <test started-at="2024-11-19T15:11:22 IST" name="XRD" finished-at="2024-11-19T15:11:32 IST" duration-ms="9287">
      <class name="com.XRD_DDA.testCases.TC_LoginTest_001">
        <test-method is-config="true" signature="startReport()[pri:0, instance:[TC_LoginTest_001 passed=0 failed=0 skipped=0]]" started-at="2024-11-19T15:11:22 IST" name="startReport" finished-at="2024-11-19T15:11:22 IST" duration-ms="155" status="PASS">
          <reporter-output>
          </reporter-output>
        </test-method> <!-- startReport -->
        <test-method is-config="true" signature="setup(java.lang.String)[pri:0, instance:[TC_LoginTest_001 passed=0 failed=0 skipped=0]]" started-at="2024-11-19T15:11:22 IST" name="setup" finished-at="2024-11-19T15:11:30 IST" duration-ms="7534" status="PASS">
          <params>
            <param index="0">
              <value>
                <![CDATA[chrome]]>
              </value>
            </param>
          </params>
          <reporter-output>
          </reporter-output>
        </test-method> <!-- setup -->
        <test-method signature="Logintest()[pri:0, instance:[TC_LoginTest_001 passed=0 failed=0 skipped=0]]" started-at="2024-11-19T15:11:30 IST" name="Logintest" finished-at="2024-11-19T15:11:31 IST" duration-ms="1107" status="PASS">
          <reporter-output>
          </reporter-output>
        </test-method> <!-- Logintest -->
        <test-method is-config="true" signature="teardown()[pri:0, instance:[TC_LoginTest_001 passed=0 failed=0 skipped=0]]" started-at="2024-11-19T15:11:31 IST" name="teardown" finished-at="2024-11-19T15:11:32 IST" duration-ms="593" status="PASS">
          <reporter-output>
          </reporter-output>
        </test-method> <!-- teardown -->
        <test-method is-config="true" signature="endReport()[pri:0, instance:[TC_LoginTest_001 passed=0 failed=0 skipped=0]]" started-at="2024-11-19T15:11:32 IST" name="endReport" finished-at="2024-11-19T15:11:32 IST" duration-ms="714" status="PASS">
          <reporter-output>
          </reporter-output>
        </test-method> <!-- endReport -->
      </class> <!-- com.XRD_DDA.testCases.TC_LoginTest_001 -->
    </test> <!-- XRD -->
  </suite> <!-- XRD_DDA -->
</testng-results>
