<?xml version="1.0" encoding="UTF-8"?>
<!-- Generated by org.testng.reporters.JUnitXMLReporter -->
<testsuite ignored="0" hostname="MJ" failures="0" tests="6" name="FlipKart" time="23.858" errors="0" timestamp="2025-06-18T07:53:58 IST">
  <testcase classname="com.Flipkart.testCases.FlipkartTest" name="Find_Item" time="2.851"/>
  <testcase classname="com.Flipkart.testCases.FlipkartTest" name="Sort_Item_by_price" time="4.175"/>
  <testcase classname="com.Flipkart.testCases.FlipkartTest" name="Select_Item" time="6.4"/>
  <testcase classname="com.Flipkart.testCases.FlipkartTest" name="Verify_Displayed_Item" time="5.065"/>
  <testcase classname="com.Flipkart.testCases.FlipkartTest" name="Verify_Kart_Item" time="0.12"/>
  <testcase classname="com.Flipkart.testCases.FlipkartTest" name="Verify_ItemName_and_Price" time="0.001"/>
</testsuite> <!-- FlipKart -->
